-------------------------------------------------------------------------------
Test set: com.techCamps.demo.DemoApplicationTests
-------------------------------------------------------------------------------
Tests run: 1, Failures: 0, Errors: 1, Skipped: 0, Time elapsed: 0.131 s <<< FAILURE! - in com.techCamps.demo.DemoApplicationTests
com.techCamps.demo.DemoApplicationTests  Time elapsed: 0.131 s  <<< ERROR!
java.lang.IllegalStateException: Unable to find a @SpringBootConfiguration, you need to use @ContextConfiguration or @SpringBootTest(classes=...) with your test

